<?xml version="1.0" encoding="UTF-8"?>
<!-- Generated by org.testng.reporters.JUnitReportReporter -->
<testsuite skipped="0" hostname="ZiasMac.local" name="TestRun" tests="1" failures="0" timestamp="15 Dec 2018 21:07:47 GMT" time="4.665" errors="0">
  <testcase name="testRun" time="4.665" classname="TestRun"/>
</testsuite> <!-- TestRun -->
